<?xml version="1.0" encoding="UTF-8"?>
<testng-results skipped="0" failed="0" ignored="0" total="2" passed="2">
  <reporter-output>
  </reporter-output>
  <suite name="Default suite" duration-ms="30322" started-at="2022-04-14T07:07:08Z" finished-at="2022-04-14T07:07:38Z">
    <groups>
    </groups>
    <test name="Default test" duration-ms="30322" started-at="2022-04-14T07:07:08Z" finished-at="2022-04-14T07:07:38Z">
      <class name="telesofta.TelesoftaAssignment">
        <test-method status="PASS" signature="setUpTest()[pri:0, instance:telesofta.TelesoftaAssignment@66a3ffec]" name="setUpTest" is-config="true" duration-ms="4519" started-at="2022-04-14T07:07:08Z" finished-at="2022-04-14T07:07:13Z">
          <reporter-output>
          </reporter-output>
        </test-method> <!-- setUpTest -->
        <test-method status="PASS" signature="task2()[pri:0, instance:telesofta.TelesoftaAssignment@66a3ffec]" name="task2" duration-ms="11415" started-at="2022-04-14T07:07:13Z" finished-at="2022-04-14T07:07:24Z">
          <reporter-output>
          </reporter-output>
        </test-method> <!-- task2 -->
        <test-method status="PASS" signature="task3()[pri:0, instance:telesofta.TelesoftaAssignment@66a3ffec]" name="task3" duration-ms="12242" started-at="2022-04-14T07:07:24Z" finished-at="2022-04-14T07:07:36Z">
          <reporter-output>
          </reporter-output>
        </test-method> <!-- task3 -->
        <test-method status="PASS" signature="tearDown()[pri:0, instance:telesofta.TelesoftaAssignment@66a3ffec]" name="tearDown" is-config="true" duration-ms="2091" started-at="2022-04-14T07:07:36Z" finished-at="2022-04-14T07:07:38Z">
          <reporter-output>
          </reporter-output>
        </test-method> <!-- tearDown -->
      </class> <!-- telesofta.TelesoftaAssignment -->
    </test> <!-- Default test -->
  </suite> <!-- Default suite -->
</testng-results>
